Determining if the pthread_create exist failed with the following output:
Change Dir: /home/ubuntu/mrpc/build/CMakeFiles/CMakeTmp

Run Build Command:"/usr/bin/make" "cmTC_e6293/fast"
/usr/bin/make -f CMakeFiles/cmTC_e6293.dir/build.make CMakeFiles/cmTC_e6293.dir/build
make[1]: Entering directory '/home/ubuntu/mrpc/build/CMakeFiles/CMakeTmp'
Building C object CMakeFiles/cmTC_e6293.dir/CheckSymbolExists.c.o
/usr/bin/gcc    -o CMakeFiles/cmTC_e6293.dir/CheckSymbolExists.c.o   -c /home/ubuntu/mrpc/build/CMakeFiles/CMakeTmp/CheckSymbolExists.c
Linking C executable cmTC_e6293
/usr/bin/cmake -E cmake_link_script CMakeFiles/cmTC_e6293.dir/link.txt --verbose=1
/usr/bin/gcc      -rdynamic CMakeFiles/cmTC_e6293.dir/CheckSymbolExists.c.o  -o cmTC_e6293 
CMakeFiles/cmTC_e6293.dir/CheckSymbolExists.c.o: In function `main':
CheckSymbolExists.c:(.text+0x1b): undefined reference to `pthread_create'
collect2: error: ld returned 1 exit status
CMakeFiles/cmTC_e6293.dir/build.make:97: recipe for target 'cmTC_e6293' failed
make[1]: *** [cmTC_e6293] Error 1
make[1]: Leaving directory '/home/ubuntu/mrpc/build/CMakeFiles/CMakeTmp'
Makefile:126: recipe for target 'cmTC_e6293/fast' failed
make: *** [cmTC_e6293/fast] Error 2

File /home/ubuntu/mrpc/build/CMakeFiles/CMakeTmp/CheckSymbolExists.c:
/* */
#include <pthread.h>

int main(int argc, char** argv)
{
  (void)argv;
#ifndef pthread_create
  return ((int*)(&pthread_create))[argc];
#else
  (void)argc;
  return 0;
#endif
}

Determining if the function pthread_create exists in the pthreads failed with the following output:
Change Dir: /home/ubuntu/mrpc/build/CMakeFiles/CMakeTmp

Run Build Command:"/usr/bin/make" "cmTC_b9afc/fast"
/usr/bin/make -f CMakeFiles/cmTC_b9afc.dir/build.make CMakeFiles/cmTC_b9afc.dir/build
make[1]: Entering directory '/home/ubuntu/mrpc/build/CMakeFiles/CMakeTmp'
Building C object CMakeFiles/cmTC_b9afc.dir/CheckFunctionExists.c.o
/usr/bin/gcc   -DCHECK_FUNCTION_EXISTS=pthread_create   -o CMakeFiles/cmTC_b9afc.dir/CheckFunctionExists.c.o   -c /usr/share/cmake-3.10/Modules/CheckFunctionExists.c
Linking C executable cmTC_b9afc
/usr/bin/cmake -E cmake_link_script CMakeFiles/cmTC_b9afc.dir/link.txt --verbose=1
/usr/bin/gcc  -DCHECK_FUNCTION_EXISTS=pthread_create    -rdynamic CMakeFiles/cmTC_b9afc.dir/CheckFunctionExists.c.o  -o cmTC_b9afc -lpthreads 
/usr/bin/ld: cannot find -lpthreads
collect2: error: ld returned 1 exit status
CMakeFiles/cmTC_b9afc.dir/build.make:97: recipe for target 'cmTC_b9afc' failed
make[1]: *** [cmTC_b9afc] Error 1
make[1]: Leaving directory '/home/ubuntu/mrpc/build/CMakeFiles/CMakeTmp'
Makefile:126: recipe for target 'cmTC_b9afc/fast' failed
make: *** [cmTC_b9afc/fast] Error 2


